[ 2017-07-25T09:28:40+08:00 ] 127.0.0.1 /lbyun/lbyun/index.php/Admin/SaleAnalyze/product.html?day=7
INFO: [ app_begin ] --START--
INFO: Run Behavior\ReadHtmlCacheBehavior [ RunTime:0.001000s ]
INFO: [ app_begin ] --END-- [ RunTime:0.002000s ]

[ 2017-07-25T09:28:41+08:00 ] 127.0.0.1 /lbyun/lbyun/index.php/Admin/SaleAnalyze/columnar.html
INFO: [ app_begin ] --START--
INFO: Run Behavior\ReadHtmlCacheBehavior [ RunTime:0.001001s ]
INFO: [ app_begin ] --END-- [ RunTime:0.002001s ]
INFO: [ app_end ] --START--
INFO: Run Behavior\ShowPageTraceBehavior [ RunTime:0.001000s ]
INFO: [ app_end ] --END-- [ RunTime:0.001000s ]

[ 2017-07-25T09:42:26+08:00 ] 127.0.0.1 /lbyun/lbyun/index.php/Admin/SaleAnalyze/columnarRouteList.html
INFO: [ app_begin ] --START--
INFO: Run Behavior\ReadHtmlCacheBehavior [ RunTime:0.001000s ]
INFO: [ app_begin ] --END-- [ RunTime:0.002001s ]
SQL: SHOW COLUMNS FROM `sys_route` [ RunTime:0.0110s ]
SQL: SELECT `t_id`,`name` FROM `sys_route`  [ RunTime:0.0000s ]

[ 2017-07-25T09:42:26+08:00 ] 127.0.0.1 /lbyun/lbyun/index.php/Admin/SaleAnalyze/route.html?day=7
INFO: [ app_begin ] --START--
INFO: Run Behavior\ReadHtmlCacheBehavior [ RunTime:0.001000s ]
INFO: [ app_begin ] --END-- [ RunTime:0.001000s ]
SQL: SHOW COLUMNS FROM `sys_route` [ RunTime:0.0110s ]
SQL: SELECT MAX(t_id) AS tp_max FROM `sys_route` LIMIT 1   [ RunTime:0.0000s ]
SQL: SELECT `name` FROM `sys_route` WHERE ( t_id = 1 ) LIMIT 1   [ RunTime:0.0010s ]
SQL: SHOW COLUMNS FROM `checking_audit` [ RunTime:0.0120s ]
SQL: SELECT COUNT(*) AS tp_count FROM `checking_audit` WHERE ( audit_tong = 1 ) AND `audit_time` > '2017-07-18 09:42:26' AND `audit_decision` = 1 LIMIT 1   [ RunTime:0.0010s ]
SQL: SELECT `name` FROM `sys_route` WHERE ( t_id = 2 ) LIMIT 1   [ RunTime:0.0000s ]
SQL: SELECT COUNT(*) AS tp_count FROM `checking_audit` WHERE ( audit_tong = 2 ) AND `audit_time` > '2017-07-18 09:42:26' AND `audit_decision` = 1 LIMIT 1   [ RunTime:0.0010s ]
SQL: SELECT `name` FROM `sys_route` WHERE ( t_id = 3 ) LIMIT 1   [ RunTime:0.0000s ]
SQL: SELECT COUNT(*) AS tp_count FROM `checking_audit` WHERE ( audit_tong = 3 ) AND `audit_time` > '2017-07-18 09:42:26' AND `audit_decision` = 1 LIMIT 1   [ RunTime:0.0010s ]
SQL: SELECT `name` FROM `sys_route` WHERE ( t_id = 4 ) LIMIT 1   [ RunTime:0.0000s ]
SQL: SELECT COUNT(*) AS tp_count FROM `checking_audit` WHERE ( audit_tong = 4 ) AND `audit_time` > '2017-07-18 09:42:26' AND `audit_decision` = 1 LIMIT 1   [ RunTime:0.0010s ]

[ 2017-07-25T09:42:26+08:00 ] 127.0.0.1 /lbyun/lbyun/index.php/Admin/SaleAnalyze/columnar.html?day=7
INFO: [ app_begin ] --START--
INFO: Run Behavior\ReadHtmlCacheBehavior [ RunTime:0.001000s ]
INFO: [ app_begin ] --END-- [ RunTime:0.002000s ]
SQL: SHOW COLUMNS FROM `sys_route` [ RunTime:0.0160s ]
SQL: SELECT MAX(t_id) AS tp_max FROM `sys_route` LIMIT 1   [ RunTime:0.0000s ]
SQL: SHOW COLUMNS FROM `checking_audit` [ RunTime:0.0160s ]
SQL: SELECT COUNT(*) AS tp_count FROM `checking_audit` WHERE `audit_time` BETWEEN '2017-07-25  00:00:00' AND '2017-07-25 23:59:59' AND `audit_tong` = 1 AND `audit_decision` = 1 LIMIT 1   [ RunTime:0.0010s ]
SQL: SELECT COUNT(*) AS tp_count FROM `checking_audit` WHERE `audit_time` BETWEEN '2017-07-24  00:00:00' AND '2017-07-24 23:59:59' AND `audit_tong` = 1 AND `audit_decision` = 1 LIMIT 1   [ RunTime:0.0000s ]
SQL: SELECT COUNT(*) AS tp_count FROM `checking_audit` WHERE `audit_time` BETWEEN '2017-07-23  00:00:00' AND '2017-07-23 23:59:59' AND `audit_tong` = 1 AND `audit_decision` = 1 LIMIT 1   [ RunTime:0.0000s ]
SQL: SELECT COUNT(*) AS tp_count FROM `checking_audit` WHERE `audit_time` BETWEEN '2017-07-22  00:00:00' AND '2017-07-22 23:59:59' AND `audit_tong` = 1 AND `audit_decision` = 1 LIMIT 1   [ RunTime:0.0010s ]
SQL: SELECT COUNT(*) AS tp_count FROM `checking_audit` WHERE `audit_time` BETWEEN '2017-07-21  00:00:00' AND '2017-07-21 23:59:59' AND `audit_tong` = 1 AND `audit_decision` = 1 LIMIT 1   [ RunTime:0.0000s ]
SQL: SELECT COUNT(*) AS tp_count FROM `checking_audit` WHERE `audit_time` BETWEEN '2017-07-20  00:00:00' AND '2017-07-20 23:59:59' AND `audit_tong` = 1 AND `audit_decision` = 1 LIMIT 1   [ RunTime:0.0000s ]
SQL: SELECT COUNT(*) AS tp_count FROM `checking_audit` WHERE `audit_time` BETWEEN '2017-07-19  00:00:00' AND '2017-07-19 23:59:59' AND `audit_tong` = 1 AND `audit_decision` = 1 LIMIT 1   [ RunTime:0.0010s ]
SQL: SELECT `name` FROM `sys_route` WHERE ( t_id = 1 ) LIMIT 1   [ RunTime:0.0000s ]
SQL: SELECT COUNT(*) AS tp_count FROM `checking_audit` WHERE `audit_time` BETWEEN '2017-07-25  00:00:00' AND '2017-07-25 23:59:59' AND `audit_tong` = 2 AND `audit_decision` = 1 LIMIT 1   [ RunTime:0.0010s ]
SQL: SELECT COUNT(*) AS tp_count FROM `checking_audit` WHERE `audit_time` BETWEEN '2017-07-24  00:00:00' AND '2017-07-24 23:59:59' AND `audit_tong` = 2 AND `audit_decision` = 1 LIMIT 1   [ RunTime:0.0000s ]
SQL: SELECT COUNT(*) AS tp_count FROM `checking_audit` WHERE `audit_time` BETWEEN '2017-07-23  00:00:00' AND '2017-07-23 23:59:59' AND `audit_tong` = 2 AND `audit_decision` = 1 LIMIT 1   [ RunTime:0.0000s ]
SQL: SELECT COUNT(*) AS tp_count FROM `checking_audit` WHERE `audit_time` BETWEEN '2017-07-22  00:00:00' AND '2017-07-22 23:59:59' AND `audit_tong` = 2 AND `audit_decision` = 1 LIMIT 1   [ RunTime:0.0010s ]
SQL: SELECT COUNT(*) AS tp_count FROM `checking_audit` WHERE `audit_time` BETWEEN '2017-07-21  00:00:00' AND '2017-07-21 23:59:59' AND `audit_tong` = 2 AND `audit_decision` = 1 LIMIT 1   [ RunTime:0.0000s ]
SQL: SELECT COUNT(*) AS tp_count FROM `checking_audit` WHERE `audit_time` BETWEEN '2017-07-20  00:00:00' AND '2017-07-20 23:59:59' AND `audit_tong` = 2 AND `audit_decision` = 1 LIMIT 1   [ RunTime:0.0010s ]
SQL: SELECT COUNT(*) AS tp_count FROM `checking_audit` WHERE `audit_time` BETWEEN '2017-07-19  00:00:00' AND '2017-07-19 23:59:59' AND `audit_tong` = 2 AND `audit_decision` = 1 LIMIT 1   [ RunTime:0.0000s ]
SQL: SELECT `name` FROM `sys_route` WHERE ( t_id = 2 ) LIMIT 1   [ RunTime:0.0010s ]
SQL: SELECT COUNT(*) AS tp_count FROM `checking_audit` WHERE `audit_time` BETWEEN '2017-07-25  00:00:00' AND '2017-07-25 23:59:59' AND `audit_tong` = 3 AND `audit_decision` = 1 LIMIT 1   [ RunTime:0.0000s ]
SQL: SELECT COUNT(*) AS tp_count FROM `checking_audit` WHERE `audit_time` BETWEEN '2017-07-24  00:00:00' AND '2017-07-24 23:59:59' AND `audit_tong` = 3 AND `audit_decision` = 1 LIMIT 1   [ RunTime:0.0010s ]
SQL: SELECT COUNT(*) AS tp_count FROM `checking_audit` WHERE `audit_time` BETWEEN '2017-07-23  00:00:00' AND '2017-07-23 23:59:59' AND `audit_tong` = 3 AND `audit_decision` = 1 LIMIT 1   [ RunTime:0.0000s ]
SQL: SELECT COUNT(*) AS tp_count FROM `checking_audit` WHERE `audit_time` BETWEEN '2017-07-22  00:00:00' AND '2017-07-22 23:59:59' AND `audit_tong` = 3 AND `audit_decision` = 1 LIMIT 1   [ RunTime:0.0010s ]
SQL: SELECT COUNT(*) AS tp_count FROM `checking_audit` WHERE `audit_time` BETWEEN '2017-07-21  00:00:00' AND '2017-07-21 23:59:59' AND `audit_tong` = 3 AND `audit_decision` = 1 LIMIT 1   [ RunTime:0.0000s ]
SQL: SELECT COUNT(*) AS tp_count FROM `checking_audit` WHERE `audit_time` BETWEEN '2017-07-20  00:00:00' AND '2017-07-20 23:59:59' AND `audit_tong` = 3 AND `audit_decision` = 1 LIMIT 1   [ RunTime:0.0010s ]
SQL: SELECT COUNT(*) AS tp_count FROM `checking_audit` WHERE `audit_time` BETWEEN '2017-07-19  00:00:00' AND '2017-07-19 23:59:59' AND `audit_tong` = 3 AND `audit_decision` = 1 LIMIT 1   [ RunTime:0.0000s ]
SQL: SELECT `name` FROM `sys_route` WHERE ( t_id = 3 ) LIMIT 1   [ RunTime:0.0010s ]
SQL: SELECT COUNT(*) AS tp_count FROM `checking_audit` WHERE `audit_time` BETWEEN '2017-07-25  00:00:00' AND '2017-07-25 23:59:59' AND `audit_tong` = 4 AND `audit_decision` = 1 LIMIT 1   [ RunTime:0.0000s ]
SQL: SELECT COUNT(*) AS tp_count FROM `checking_audit` WHERE `audit_time` BETWEEN '2017-07-24  00:00:00' AND '2017-07-24 23:59:59' AND `audit_tong` = 4 AND `audit_decision` = 1 LIMIT 1   [ RunTime:0.0000s ]
SQL: SELECT COUNT(*) AS tp_count FROM `checking_audit` WHERE `audit_time` BETWEEN '2017-07-23  00:00:00' AND '2017-07-23 23:59:59' AND `audit_tong` = 4 AND `audit_decision` = 1 LIMIT 1   [ RunTime:0.0000s ]
SQL: SELECT COUNT(*) AS tp_count FROM `checking_audit` WHERE `audit_time` BETWEEN '2017-07-22  00:00:00' AND '2017-07-22 23:59:59' AND `audit_tong` = 4 AND `audit_decision` = 1 LIMIT 1   [ RunTime:0.0010s ]
SQL: SELECT COUNT(*) AS tp_count FROM `checking_audit` WHERE `audit_time` BETWEEN '2017-07-21  00:00:00' AND '2017-07-21 23:59:59' AND `audit_tong` = 4 AND `audit_decision` = 1 LIMIT 1   [ RunTime:0.0000s ]
SQL: SELECT COUNT(*) AS tp_count FROM `checking_audit` WHERE `audit_time` BETWEEN '2017-07-20  00:00:00' AND '2017-07-20 23:59:59' AND `audit_tong` = 4 AND `audit_decision` = 1 LIMIT 1   [ RunTime:0.0000s ]
SQL: SELECT COUNT(*) AS tp_count FROM `checking_audit` WHERE `audit_time` BETWEEN '2017-07-19  00:00:00' AND '2017-07-19 23:59:59' AND `audit_tong` = 4 AND `audit_decision` = 1 LIMIT 1   [ RunTime:0.0010s ]
SQL: SELECT `name` FROM `sys_route` WHERE ( t_id = 4 ) LIMIT 1   [ RunTime:0.0000s ]

[ 2017-07-25T10:10:09+08:00 ] 127.0.0.1 /lbyun/lbyun/index.php/Admin/SaleAnalyze/columnar.html?day=30
INFO: [ app_begin ] --START--
INFO: Run Behavior\ReadHtmlCacheBehavior [ RunTime:0.001000s ]
INFO: [ app_begin ] --END-- [ RunTime:0.002000s ]
SQL: SHOW COLUMNS FROM `sys_route` [ RunTime:0.0110s ]
SQL: SELECT MAX(t_id) AS tp_max FROM `sys_route` LIMIT 1   [ RunTime:0.0000s ]
SQL: SHOW COLUMNS FROM `checking_audit` [ RunTime:0.0120s ]
SQL: SELECT COUNT(*) AS tp_count FROM `checking_audit` WHERE `audit_time` BETWEEN '2017-07-25  00:00:00' AND '2017-07-25 23:59:59' AND `audit_tong` = 1 AND `audit_decision` = 1 LIMIT 1   [ RunTime:0.0010s ]
SQL: SELECT COUNT(*) AS tp_count FROM `checking_audit` WHERE `audit_time` BETWEEN '2017-07-24  00:00:00' AND '2017-07-24 23:59:59' AND `audit_tong` = 1 AND `audit_decision` = 1 LIMIT 1   [ RunTime:0.0000s ]
SQL: SELECT COUNT(*) AS tp_count FROM `checking_audit` WHERE `audit_time` BETWEEN '2017-07-23  00:00:00' AND '2017-07-23 23:59:59' AND `audit_tong` = 1 AND `audit_decision` = 1 LIMIT 1   [ RunTime:0.0010s ]
SQL: SELECT COUNT(*) AS tp_count FROM `checking_audit` WHERE `audit_time` BETWEEN '2017-07-22  00:00:00' AND '2017-07-22 23:59:59' AND `audit_tong` = 1 AND `audit_decision` = 1 LIMIT 1   [ RunTime:0.0000s ]
SQL: SELECT COUNT(*) AS tp_count FROM `checking_audit` WHERE `audit_time` BETWEEN '2017-07-21  00:00:00' AND '2017-07-21 23:59:59' AND `audit_tong` = 1 AND `audit_decision` = 1 LIMIT 1   [ RunTime:0.0000s ]
SQL: SELECT COUNT(*) AS tp_count FROM `checking_audit` WHERE `audit_time` BETWEEN '2017-07-20  00:00:00' AND '2017-07-20 23:59:59' AND `audit_tong` = 1 AND `audit_decision` = 1 LIMIT 1   [ RunTime:0.0010s ]
SQL: SELECT COUNT(*) AS tp_count FROM `checking_audit` WHERE `audit_time` BETWEEN '2017-07-19  00:00:00' AND '2017-07-19 23:59:59' AND `audit_tong` = 1 AND `audit_decision` = 1 LIMIT 1   [ RunTime:0.0000s ]
SQL: SELECT COUNT(*) AS tp_count FROM `checking_audit` WHERE `audit_time` BETWEEN '2017-07-18  00:00:00' AND '2017-07-18 23:59:59' AND `audit_tong` = 1 AND `audit_decision` = 1 LIMIT 1   [ RunTime:0.0000s ]
SQL: SELECT COUNT(*) AS tp_count FROM `checking_audit` WHERE `audit_time` BETWEEN '2017-07-17  00:00:00' AND '2017-07-17 23:59:59' AND `audit_tong` = 1 AND `audit_decision` = 1 LIMIT 1   [ RunTime:0.0000s ]
SQL: SELECT COUNT(*) AS tp_count FROM `checking_audit` WHERE `audit_time` BETWEEN '2017-07-16  00:00:00' AND '2017-07-16 23:59:59' AND `audit_tong` = 1 AND `audit_decision` = 1 LIMIT 1   [ RunTime:0.0000s ]
SQL: SELECT COUNT(*) AS tp_count FROM `checking_audit` WHERE `audit_time` BETWEEN '2017-07-15  00:00:00' AND '2017-07-15 23:59:59' AND `audit_tong` = 1 AND `audit_decision` = 1 LIMIT 1   [ RunTime:0.0000s ]
SQL: SELECT COUNT(*) AS tp_count FROM `checking_audit` WHERE `audit_time` BETWEEN '2017-07-14  00:00:00' AND '2017-07-14 23:59:59' AND `audit_tong` = 1 AND `audit_decision` = 1 LIMIT 1   [ RunTime:0.0000s ]
SQL: SELECT COUNT(*) AS tp_count FROM `checking_audit` WHERE `audit_time` BETWEEN '2017-07-13  00:00:00' AND '2017-07-13 23:59:59' AND `audit_tong` = 1 AND `audit_decision` = 1 LIMIT 1   [ RunTime:0.0010s ]
SQL: SELECT COUNT(*) AS tp_count FROM `checking_audit` WHERE `audit_time` BETWEEN '2017-07-12  00:00:00' AND '2017-07-12 23:59:59' AND `audit_tong` = 1 AND `audit_decision` = 1 LIMIT 1   [ RunTime:0.0000s ]
SQL: SELECT COUNT(*) AS tp_count FROM `checking_audit` WHERE `audit_time` BETWEEN '2017-07-11  00:00:00' AND '2017-07-11 23:59:59' AND `audit_tong` = 1 AND `audit_decision` = 1 LIMIT 1   [ RunTime:0.0010s ]
SQL: SELECT COUNT(*) AS tp_count FROM `checking_audit` WHERE `audit_time` BETWEEN '2017-07-10  00:00:00' AND '2017-07-10 23:59:59' AND `audit_tong` = 1 AND `audit_decision` = 1 LIMIT 1   [ RunTime:0.0000s ]
SQL: SELECT COUNT(*) AS tp_count FROM `checking_audit` WHERE `audit_time` BETWEEN '2017-07-09  00:00:00' AND '2017-07-09 23:59:59' AND `audit_tong` = 1 AND `audit_decision` = 1 LIMIT 1   [ RunTime:0.0000s ]
SQL: SELECT COUNT(*) AS tp_count FROM `checking_audit` WHERE `audit_time` BETWEEN '2017-07-08  00:00:00' AND '2017-07-08 23:59:59' AND `audit_tong` = 1 AND `audit_decision` = 1 LIMIT 1   [ RunTime:0.0010s ]
SQL: SELECT COUNT(*) AS tp_count FROM `checking_audit` WHERE `audit_time` BETWEEN '2017-07-07  00:00:00' AND '2017-07-07 23:59:59' AND `audit_tong` = 1 AND `audit_decision` = 1 LIMIT 1   [ RunTime:0.0000s ]
SQL: SELECT COUNT(*) AS tp_count FROM `checking_audit` WHERE `audit_time` BETWEEN '2017-07-06  00:00:00' AND '2017-07-06 23:59:59' AND `audit_tong` = 1 AND `audit_decision` = 1 LIMIT 1   [ RunTime:0.0010s ]
SQL: SELECT COUNT(*) AS tp_count FROM `checking_audit` WHERE `audit_time` BETWEEN '2017-07-05  00:00:00' AND '2017-07-05 23:59:59' AND `audit_tong` = 1 AND `audit_decision` = 1 LIMIT 1   [ RunTime:0.0000s ]
SQL: SELECT COUNT(*) AS tp_count FROM `checking_audit` WHERE `audit_time` BETWEEN '2017-07-04  00:00:00' AND '2017-07-04 23:59:59' AND `audit_tong` = 1 AND `audit_decision` = 1 LIMIT 1   [ RunTime:0.0000s ]
SQL: SELECT COUNT(*) AS tp_count FROM `checking_audit` WHERE `audit_time` BETWEEN '2017-07-03  00:00:00' AND '2017-07-03 23:59:59' AND `audit_tong` = 1 AND `audit_decision` = 1 LIMIT 1   [ RunTime:0.0010s ]
SQL: SELECT COUNT(*) AS tp_count FROM `checking_audit` WHERE `audit_time` BETWEEN '2017-07-02  00:00:00' AND '2017-07-02 23:59:59' AND `audit_tong` = 1 AND `audit_decision` = 1 LIMIT 1   [ RunTime:0.0000s ]
SQL: SELECT COUNT(*) AS tp_count FROM `checking_audit` WHERE `audit_time` BETWEEN '2017-07-01  00:00:00' AND '2017-07-01 23:59:59' AND `audit_tong` = 1 AND `audit_decision` = 1 LIMIT 1   [ RunTime:0.0000s ]
SQL: SELECT COUNT(*) AS tp_count FROM `checking_audit` WHERE `audit_time` BETWEEN '2017-06-30  00:00:00' AND '2017-06-30 23:59:59' AND `audit_tong` = 1 AND `audit_decision` = 1 LIMIT 1   [ RunTime:0.0010s ]
SQL: SELECT COUNT(*) AS tp_count FROM `checking_audit` WHERE `audit_time` BETWEEN '2017-06-29  00:00:00' AND '2017-06-29 23:59:59' AND `audit_tong` = 1 AND `audit_decision` = 1 LIMIT 1   [ RunTime:0.0000s ]
SQL: SELECT COUNT(*) AS tp_count FROM `checking_audit` WHERE `audit_time` BETWEEN '2017-06-28  00:00:00' AND '2017-06-28 23:59:59' AND `audit_tong` = 1 AND `audit_decision` = 1 LIMIT 1   [ RunTime:0.0010s ]
SQL: SELECT COUNT(*) AS tp_count FROM `checking_audit` WHERE `audit_time` BETWEEN '2017-06-27  00:00:00' AND '2017-06-27 23:59:59' AND `audit_tong` = 1 AND `audit_decision` = 1 LIMIT 1   [ RunTime:0.0000s ]
SQL: SELECT COUNT(*) AS tp_count FROM `checking_audit` WHERE `audit_time` BETWEEN '2017-06-26  00:00:00' AND '2017-06-26 23:59:59' AND `audit_tong` = 1 AND `audit_decision` = 1 LIMIT 1   [ RunTime:0.0000s ]
SQL: SELECT `name` FROM `sys_route` WHERE ( t_id = 1 ) LIMIT 1   [ RunTime:0.0000s ]
SQL: SELECT COUNT(*) AS tp_count FROM `checking_audit` WHERE `audit_time` BETWEEN '2017-07-25  00:00:00' AND '2017-07-25 23:59:59' AND `audit_tong` = 2 AND `audit_decision` = 1 LIMIT 1   [ RunTime:0.0000s ]
SQL: SELECT COUNT(*) AS tp_count FROM `checking_audit` WHERE `audit_time` BETWEEN '2017-07-24  00:00:00' AND '2017-07-24 23:59:59' AND `audit_tong` = 2 AND `audit_decision` = 1 LIMIT 1   [ RunTime:0.0010s ]
SQL: SELECT COUNT(*) AS tp_count FROM `checking_audit` WHERE `audit_time` BETWEEN '2017-07-23  00:00:00' AND '2017-07-23 23:59:59' AND `audit_tong` = 2 AND `audit_decision` = 1 LIMIT 1   [ RunTime:0.0000s ]
SQL: SELECT COUNT(*) AS tp_count FROM `checking_audit` WHERE `audit_time` BETWEEN '2017-07-22  00:00:00' AND '2017-07-22 23:59:59' AND `audit_tong` = 2 AND `audit_decision` = 1 LIMIT 1   [ RunTime:0.0000s ]
SQL: SELECT COUNT(*) AS tp_count FROM `checking_audit` WHERE `audit_time` BETWEEN '2017-07-21  00:00:00' AND '2017-07-21 23:59:59' AND `audit_tong` = 2 AND `audit_decision` = 1 LIMIT 1   [ RunTime:0.0010s ]
SQL: SELECT COUNT(*) AS tp_count FROM `checking_audit` WHERE `audit_time` BETWEEN '2017-07-20  00:00:00' AND '2017-07-20 23:59:59' AND `audit_tong` = 2 AND `audit_decision` = 1 LIMIT 1   [ RunTime:0.0000s ]
SQL: SELECT COUNT(*) AS tp_count FROM `checking_audit` WHERE `audit_time` BETWEEN '2017-07-19  00:00:00' AND '2017-07-19 23:59:59' AND `audit_tong` = 2 AND `audit_decision` = 1 LIMIT 1   [ RunTime:0.0000s ]
SQL: SELECT COUNT(*) AS tp_count FROM `checking_audit` WHERE `audit_time` BETWEEN '2017-07-18  00:00:00' AND '2017-07-18 23:59:59' AND `audit_tong` = 2 AND `audit_decision` = 1 LIMIT 1   [ RunTime:0.0000s ]
SQL: SELECT COUNT(*) AS tp_count FROM `checking_audit` WHERE `audit_time` BETWEEN '2017-07-17  00:00:00' AND '2017-07-17 23:59:59' AND `audit_tong` = 2 AND `audit_decision` = 1 LIMIT 1   [ RunTime:0.0000s ]
SQL: SELECT COUNT(*) AS tp_count FROM `checking_audit` WHERE `audit_time` BETWEEN '2017-07-16  00:00:00' AND '2017-07-16 23:59:59' AND `audit_tong` = 2 AND `audit_decision` = 1 LIMIT 1   [ RunTime:0.0000s ]
SQL: SELECT COUNT(*) AS tp_count FROM `checking_audit` WHERE `audit_time` BETWEEN '2017-07-15  00:00:00' AND '2017-07-15 23:59:59' AND `audit_tong` = 2 AND `audit_decision` = 1 LIMIT 1   [ RunTime:0.0010s ]
SQL: SELECT COUNT(*) AS tp_count FROM `checking_audit` WHERE `audit_time` BETWEEN '2017-07-14  00:00:00' AND '2017-07-14 23:59:59' AND `audit_tong` = 2 AND `audit_decision` = 1 LIMIT 1   [ RunTime:0.0000s ]
SQL: SELECT COUNT(*) AS tp_count FROM `checking_audit` WHERE `audit_time` BETWEEN '2017-07-13  00:00:00' AND '2017-07-13 23:59:59' AND `audit_tong` = 2 AND `audit_decision` = 1 LIMIT 1   [ RunTime:0.0000s ]
SQL: SELECT COUNT(*) AS tp_count FROM `checking_audit` WHERE `audit_time` BETWEEN '2017-07-12  00:00:00' AND '2017-07-12 23:59:59' AND `audit_tong` = 2 AND `audit_decision` = 1 LIMIT 1   [ RunTime:0.0000s ]
SQL: SELECT COUNT(*) AS tp_count FROM `checking_audit` WHERE `audit_time` BETWEEN '2017-07-11  00:00:00' AND '2017-07-11 23:59:59' AND `audit_tong` = 2 AND `audit_decision` = 1 LIMIT 1   [ RunTime:0.0000s ]
SQL: SELECT COUNT(*) AS tp_count FROM `checking_audit` WHERE `audit_time` BETWEEN '2017-07-10  00:00:00' AND '2017-07-10 23:59:59' AND `audit_tong` = 2 AND `audit_decision` = 1 LIMIT 1   [ RunTime:0.0000s ]
SQL: SELECT COUNT(*) AS tp_count FROM `checking_audit` WHERE `audit_time` BETWEEN '2017-07-09  00:00:00' AND '2017-07-09 23:59:59' AND `audit_tong` = 2 AND `audit_decision` = 1 LIMIT 1   [ RunTime:0.0000s ]
SQL: SELECT COUNT(*) AS tp_count FROM `checking_audit` WHERE `audit_time` BETWEEN '2017-07-08  00:00:00' AND '2017-07-08 23:59:59' AND `audit_tong` = 2 AND `audit_decision` = 1 LIMIT 1   [ RunTime:0.0000s ]
SQL: SELECT COUNT(*) AS tp_count FROM `checking_audit` WHERE `audit_time` BETWEEN '2017-07-07  00:00:00' AND '2017-07-07 23:59:59' AND `audit_tong` = 2 AND `audit_decision` = 1 LIMIT 1   [ RunTime:0.0010s ]
SQL: SELECT COUNT(*) AS tp_count FROM `checking_audit` WHERE `audit_time` BETWEEN '2017-07-06  00:00:00' AND '2017-07-06 23:59:59' AND `audit_tong` = 2 AND `audit_decision` = 1 LIMIT 1   [ RunTime:0.0000s ]
SQL: SELECT COUNT(*) AS tp_count FROM `checking_audit` WHERE `audit_time` BETWEEN '2017-07-05  00:00:00' AND '2017-07-05 23:59:59' AND `audit_tong` = 2 AND `audit_decision` = 1 LIMIT 1   [ RunTime:0.0010s ]
SQL: SELECT COUNT(*) AS tp_count FROM `checking_audit` WHERE `audit_time` BETWEEN '2017-07-04  00:00:00' AND '2017-07-04 23:59:59' AND `audit_tong` = 2 AND `audit_decision` = 1 LIMIT 1   [ RunTime:0.0000s ]
SQL: SELECT COUNT(*) AS tp_count FROM `checking_audit` WHERE `audit_time` BETWEEN '2017-07-03  00:00:00' AND '2017-07-03 23:59:59' AND `audit_tong` = 2 AND `audit_decision` = 1 LIMIT 1   [ RunTime:0.0000s ]
SQL: SELECT COUNT(*) AS tp_count FROM `checking_audit` WHERE `audit_time` BETWEEN '2017-07-02  00:00:00' AND '2017-07-02 23:59:59' AND `audit_tong` = 2 AND `audit_decision` = 1 LIMIT 1   [ RunTime:0.0010s ]
SQL: SELECT COUNT(*) AS tp_count FROM `checking_audit` WHERE `audit_time` BETWEEN '2017-07-01  00:00:00' AND '2017-07-01 23:59:59' AND `audit_tong` = 2 AND `audit_decision` = 1 LIMIT 1   [ RunTime:0.0000s ]
SQL: SELECT COUNT(*) AS tp_count FROM `checking_audit` WHERE `audit_time` BETWEEN '2017-06-30  00:00:00' AND '2017-06-30 23:59:59' AND `audit_tong` = 2 AND `audit_decision` = 1 LIMIT 1   [ RunTime:0.0000s ]
SQL: SELECT COUNT(*) AS tp_count FROM `checking_audit` WHERE `audit_time` BETWEEN '2017-06-29  00:00:00' AND '2017-06-29 23:59:59' AND `audit_tong` = 2 AND `audit_decision` = 1 LIMIT 1   [ RunTime:0.0010s ]
SQL: SELECT COUNT(*) AS tp_count FROM `checking_audit` WHERE `audit_time` BETWEEN '2017-06-28  00:00:00' AND '2017-06-28 23:59:59' AND `audit_tong` = 2 AND `audit_decision` = 1 LIMIT 1   [ RunTime:0.0010s ]
SQL: SELECT COUNT(*) AS tp_count FROM `checking_audit` WHERE `audit_time` BETWEEN '2017-06-27  00:00:00' AND '2017-06-27 23:59:59' AND `audit_tong` = 2 AND `audit_decision` = 1 LIMIT 1   [ RunTime:0.0000s ]
SQL: SELECT COUNT(*) AS tp_count FROM `checking_audit` WHERE `audit_time` BETWEEN '2017-06-26  00:00:00' AND '2017-06-26 23:59:59' AND `audit_tong` = 2 AND `audit_decision` = 1 LIMIT 1   [ RunTime:0.0010s ]
SQL: SELECT `name` FROM `sys_route` WHERE ( t_id = 2 ) LIMIT 1   [ RunTime:0.0000s ]
SQL: SELECT COUNT(*) AS tp_count FROM `checking_audit` WHERE `audit_time` BETWEEN '2017-07-25  00:00:00' AND '2017-07-25 23:59:59' AND `audit_tong` = 3 AND `audit_decision` = 1 LIMIT 1   [ RunTime:0.0010s ]
SQL: SELECT COUNT(*) AS tp_count FROM `checking_audit` WHERE `audit_time` BETWEEN '2017-07-24  00:00:00' AND '2017-07-24 23:59:59' AND `audit_tong` = 3 AND `audit_decision` = 1 LIMIT 1   [ RunTime:0.0010s ]
SQL: SELECT COUNT(*) AS tp_count FROM `checking_audit` WHERE `audit_time` BETWEEN '2017-07-23  00:00:00' AND '2017-07-23 23:59:59' AND `audit_tong` = 3 AND `audit_decision` = 1 LIMIT 1   [ RunTime:0.0030s ]
SQL: SELECT COUNT(*) AS tp_count FROM `checking_audit` WHERE `audit_time` BETWEEN '2017-07-22  00:00:00' AND '2017-07-22 23:59:59' AND `audit_tong` = 3 AND `audit_decision` = 1 LIMIT 1   [ RunTime:0.0000s ]
SQL: SELECT COUNT(*) AS tp_count FROM `checking_audit` WHERE `audit_time` BETWEEN '2017-07-21  00:00:00' AND '2017-07-21 23:59:59' AND `audit_tong` = 3 AND `audit_decision` = 1 LIMIT 1   [ RunTime:0.0010s ]
SQL: SELECT COUNT(*) AS tp_count FROM `checking_audit` WHERE `audit_time` BETWEEN '2017-07-20  00:00:00' AND '2017-07-20 23:59:59' AND `audit_tong` = 3 AND `audit_decision` = 1 LIMIT 1   [ RunTime:0.0010s ]
SQL: SELECT COUNT(*) AS tp_count FROM `checking_audit` WHERE `audit_time` BETWEEN '2017-07-19  00:00:00' AND '2017-07-19 23:59:59' AND `audit_tong` = 3 AND `audit_decision` = 1 LIMIT 1   [ RunTime:0.0000s ]
SQL: SELECT COUNT(*) AS tp_count FROM `checking_audit` WHERE `audit_time` BETWEEN '2017-07-18  00:00:00' AND '2017-07-18 23:59:59' AND `audit_tong` = 3 AND `audit_decision` = 1 LIMIT 1   [ RunTime:0.0010s ]
SQL: SELECT COUNT(*) AS tp_count FROM `checking_audit` WHERE `audit_time` BETWEEN '2017-07-17  00:00:00' AND '2017-07-17 23:59:59' AND `audit_tong` = 3 AND `audit_decision` = 1 LIMIT 1   [ RunTime:0.0010s ]
SQL: SELECT COUNT(*) AS tp_count FROM `checking_audit` WHERE `audit_time` BETWEEN '2017-07-16  00:00:00' AND '2017-07-16 23:59:59' AND `audit_tong` = 3 AND `audit_decision` = 1 LIMIT 1   [ RunTime:0.0000s ]
SQL: SELECT COUNT(*) AS tp_count FROM `checking_audit` WHERE `audit_time` BETWEEN '2017-07-15  00:00:00' AND '2017-07-15 23:59:59' AND `audit_tong` = 3 AND `audit_decision` = 1 LIMIT 1   [ RunTime:0.0010s ]
SQL: SELECT COUNT(*) AS tp_count FROM `checking_audit` WHERE `audit_time` BETWEEN '2017-07-14  00:00:00' AND '2017-07-14 23:59:59' AND `audit_tong` = 3 AND `audit_decision` = 1 LIMIT 1   [ RunTime:0.0010s ]
SQL: SELECT COUNT(*) AS tp_count FROM `checking_audit` WHERE `audit_time` BETWEEN '2017-07-13  00:00:00' AND '2017-07-13 23:59:59' AND `audit_tong` = 3 AND `audit_decision` = 1 LIMIT 1   [ RunTime:0.0010s ]
SQL: SELECT COUNT(*) AS tp_count FROM `checking_audit` WHERE `audit_time` BETWEEN '2017-07-12  00:00:00' AND '2017-07-12 23:59:59' AND `audit_tong` = 3 AND `audit_decision` = 1 LIMIT 1   [ RunTime:0.0000s ]
SQL: SELECT COUNT(*) AS tp_count FROM `checking_audit` WHERE `audit_time` BETWEEN '2017-07-11  00:00:00' AND '2017-07-11 23:59:59' AND `audit_tong` = 3 AND `audit_decision` = 1 LIMIT 1   [ RunTime:0.0000s ]
SQL: SELECT COUNT(*) AS tp_count FROM `checking_audit` WHERE `audit_time` BETWEEN '2017-07-10  00:00:00' AND '2017-07-10 23:59:59' AND `audit_tong` = 3 AND `audit_decision` = 1 LIMIT 1   [ RunTime:0.0000s ]
SQL: SELECT COUNT(*) AS tp_count FROM `checking_audit` WHERE `audit_time` BETWEEN '2017-07-09  00:00:00' AND '2017-07-09 23:59:59' AND `audit_tong` = 3 AND `audit_decision` = 1 LIMIT 1   [ RunTime:0.0000s ]
SQL: SELECT COUNT(*) AS tp_count FROM `checking_audit` WHERE `audit_time` BETWEEN '2017-07-08  00:00:00' AND '2017-07-08 23:59:59' AND `audit_tong` = 3 AND `audit_decision` = 1 LIMIT 1   [ RunTime:0.0000s ]
SQL: SELECT COUNT(*) AS tp_count FROM `checking_audit` WHERE `audit_time` BETWEEN '2017-07-07  00:00:00' AND '2017-07-07 23:59:59' AND `audit_tong` = 3 AND `audit_decision` = 1 LIMIT 1   [ RunTime:0.0010s ]
SQL: SELECT COUNT(*) AS tp_count FROM `checking_audit` WHERE `audit_time` BETWEEN '2017-07-06  00:00:00' AND '2017-07-06 23:59:59' AND `audit_tong` = 3 AND `audit_decision` = 1 LIMIT 1   [ RunTime:0.0000s ]
SQL: SELECT COUNT(*) AS tp_count FROM `checking_audit` WHERE `audit_time` BETWEEN '2017-07-05  00:00:00' AND '2017-07-05 23:59:59' AND `audit_tong` = 3 AND `audit_decision` = 1 LIMIT 1   [ RunTime:0.0010s ]
SQL: SELECT COUNT(*) AS tp_count FROM `checking_audit` WHERE `audit_time` BETWEEN '2017-07-04  00:00:00' AND '2017-07-04 23:59:59' AND `audit_tong` = 3 AND `audit_decision` = 1 LIMIT 1   [ RunTime:0.0000s ]
SQL: SELECT COUNT(*) AS tp_count FROM `checking_audit` WHERE `audit_time` BETWEEN '2017-07-03  00:00:00' AND '2017-07-03 23:59:59' AND `audit_tong` = 3 AND `audit_decision` = 1 LIMIT 1   [ RunTime:0.0000s ]
SQL: SELECT COUNT(*) AS tp_count FROM `checking_audit` WHERE `audit_time` BETWEEN '2017-07-02  00:00:00' AND '2017-07-02 23:59:59' AND `audit_tong` = 3 AND `audit_decision` = 1 LIMIT 1   [ RunTime:0.0000s ]
SQL: SELECT COUNT(*) AS tp_count FROM `checking_audit` WHERE `audit_time` BETWEEN '2017-07-01  00:00:00' AND '2017-07-01 23:59:59' AND `audit_tong` = 3 AND `audit_decision` = 1 LIMIT 1   [ RunTime:0.0000s ]
SQL: SELECT COUNT(*) AS tp_count FROM `checking_audit` WHERE `audit_time` BETWEEN '2017-06-30  00:00:00' AND '2017-06-30 23:59:59' AND `audit_tong` = 3 AND `audit_decision` = 1 LIMIT 1   [ RunTime:0.0000s ]
SQL: SELECT COUNT(*) AS tp_count FROM `checking_audit` WHERE `audit_time` BETWEEN '2017-06-29  00:00:00' AND '2017-06-29 23:59:59' AND `audit_tong` = 3 AND `audit_decision` = 1 LIMIT 1   [ RunTime:0.0000s ]
SQL: SELECT COUNT(*) AS tp_count FROM `checking_audit` WHERE `audit_time` BETWEEN '2017-06-28  00:00:00' AND '2017-06-28 23:59:59' AND `audit_tong` = 3 AND `audit_decision` = 1 LIMIT 1   [ RunTime:0.0000s ]
SQL: SELECT COUNT(*) AS tp_count FROM `checking_audit` WHERE `audit_time` BETWEEN '2017-06-27  00:00:00' AND '2017-06-27 23:59:59' AND `audit_tong` = 3 AND `audit_decision` = 1 LIMIT 1   [ RunTime:0.0000s ]
SQL: SELECT COUNT(*) AS tp_count FROM `checking_audit` WHERE `audit_time` BETWEEN '2017-06-26  00:00:00' AND '2017-06-26 23:59:59' AND `audit_tong` = 3 AND `audit_decision` = 1 LIMIT 1   [ RunTime:0.0000s ]
SQL: SELECT `name` FROM `sys_route` WHERE ( t_id = 3 ) LIMIT 1   [ RunTime:0.0000s ]
SQL: SELECT COUNT(*) AS tp_count FROM `checking_audit` WHERE `audit_time` BETWEEN '2017-07-25  00:00:00' AND '2017-07-25 23:59:59' AND `audit_tong` = 4 AND `audit_decision` = 1 LIMIT 1   [ RunTime:0.0000s ]
SQL: SELECT COUNT(*) AS tp_count FROM `checking_audit` WHERE `audit_time` BETWEEN '2017-07-24  00:00:00' AND '2017-07-24 23:59:59' AND `audit_tong` = 4 AND `audit_decision` = 1 LIMIT 1   [ RunTime:0.0000s ]
SQL: SELECT COUNT(*) AS tp_count FROM `checking_audit` WHERE `audit_time` BETWEEN '2017-07-23  00:00:00' AND '2017-07-23 23:59:59' AND `audit_tong` = 4 AND `audit_decision` = 1 LIMIT 1   [ RunTime:0.0010s ]
SQL: SELECT COUNT(*) AS tp_count FROM `checking_audit` WHERE `audit_time` BETWEEN '2017-07-22  00:00:00' AND '2017-07-22 23:59:59' AND `audit_tong` = 4 AND `audit_decision` = 1 LIMIT 1   [ RunTime:0.0000s ]
SQL: SELECT COUNT(*) AS tp_count FROM `checking_audit` WHERE `audit_time` BETWEEN '2017-07-21  00:00:00' AND '2017-07-21 23:59:59' AND `audit_tong` = 4 AND `audit_decision` = 1 LIMIT 1   [ RunTime:0.0000s ]
SQL: SELECT COUNT(*) AS tp_count FROM `checking_audit` WHERE `audit_time` BETWEEN '2017-07-20  00:00:00' AND '2017-07-20 23:59:59' AND `audit_tong` = 4 AND `audit_decision` = 1 LIMIT 1   [ RunTime:0.0010s ]
SQL: SELECT COUNT(*) AS tp_count FROM `checking_audit` WHERE `audit_time` BETWEEN '2017-07-19  00:00:00' AND '2017-07-19 23:59:59' AND `audit_tong` = 4 AND `audit_decision` = 1 LIMIT 1   [ RunTime:0.0000s ]
SQL: SELECT COUNT(*) AS tp_count FROM `checking_audit` WHERE `audit_time` BETWEEN '2017-07-18  00:00:00' AND '2017-07-18 23:59:59' AND `audit_tong` = 4 AND `audit_decision` = 1 LIMIT 1   [ RunTime:0.0010s ]
SQL: SELECT COUNT(*) AS tp_count FROM `checking_audit` WHERE `audit_time` BETWEEN '2017-07-17  00:00:00' AND '2017-07-17 23:59:59' AND `audit_tong` = 4 AND `audit_decision` = 1 LIMIT 1   [ RunTime:0.0000s ]
SQL: SELECT COUNT(*) AS tp_count FROM `checking_audit` WHERE `audit_time` BETWEEN '2017-07-16  00:00:00' AND '2017-07-16 23:59:59' AND `audit_tong` = 4 AND `audit_decision` = 1 LIMIT 1   [ RunTime:0.0000s ]
SQL: SELECT COUNT(*) AS tp_count FROM `checking_audit` WHERE `audit_time` BETWEEN '2017-07-15  00:00:00' AND '2017-07-15 23:59:59' AND `audit_tong` = 4 AND `audit_decision` = 1 LIMIT 1   [ RunTime:0.0010s ]
SQL: SELECT COUNT(*) AS tp_count FROM `checking_audit` WHERE `audit_time` BETWEEN '2017-07-14  00:00:00' AND '2017-07-14 23:59:59' AND `audit_tong` = 4 AND `audit_decision` = 1 LIMIT 1   [ RunTime:0.0000s ]
SQL: SELECT COUNT(*) AS tp_count FROM `checking_audit` WHERE `audit_time` BETWEEN '2017-07-13  00:00:00' AND '2017-07-13 23:59:59' AND `audit_tong` = 4 AND `audit_decision` = 1 LIMIT 1   [ RunTime:0.0010s ]
SQL: SELECT COUNT(*) AS tp_count FROM `checking_audit` WHERE `audit_time` BETWEEN '2017-07-12  00:00:00' AND '2017-07-12 23:59:59' AND `audit_tong` = 4 AND `audit_decision` = 1 LIMIT 1   [ RunTime:0.0000s ]
SQL: SELECT COUNT(*) AS tp_count FROM `checking_audit` WHERE `audit_time` BETWEEN '2017-07-11  00:00:00' AND '2017-07-11 23:59:59' AND `audit_tong` = 4 AND `audit_decision` = 1 LIMIT 1   [ RunTime:0.0000s ]
SQL: SELECT COUNT(*) AS tp_count FROM `checking_audit` WHERE `audit_time` BETWEEN '2017-07-10  00:00:00' AND '2017-07-10 23:59:59' AND `audit_tong` = 4 AND `audit_decision` = 1 LIMIT 1   [ RunTime:0.0010s ]
SQL: SELECT COUNT(*) AS tp_count FROM `checking_audit` WHERE `audit_time` BETWEEN '2017-07-09  00:00:00' AND '2017-07-09 23:59:59' AND `audit_tong` = 4 AND `audit_decision` = 1 LIMIT 1   [ RunTime:0.0000s ]
SQL: SELECT COUNT(*) AS tp_count FROM `checking_audit` WHERE `audit_time` BETWEEN '2017-07-08  00:00:00' AND '2017-07-08 23:59:59' AND `audit_tong` = 4 AND `audit_decision` = 1 LIMIT 1   [ RunTime:0.0000s ]
SQL: SELECT COUNT(*) AS tp_count FROM `checking_audit` WHERE `audit_time` BETWEEN '2017-07-07  00:00:00' AND '2017-07-07 23:59:59' AND `audit_tong` = 4 AND `audit_decision` = 1 LIMIT 1   [ RunTime:0.0010s ]
SQL: SELECT COUNT(*) AS tp_count FROM `checking_audit` WHERE `audit_time` BETWEEN '2017-07-06  00:00:00' AND '2017-07-06 23:59:59' AND `audit_tong` = 4 AND `audit_decision` = 1 LIMIT 1   [ RunTime:0.0000s ]
SQL: SELECT COUNT(*) AS tp_count FROM `checking_audit` WHERE `audit_time` BETWEEN '2017-07-05  00:00:00' AND '2017-07-05 23:59:59' AND `audit_tong` = 4 AND `audit_decision` = 1 LIMIT 1   [ RunTime:0.0010s ]
SQL: SELECT COUNT(*) AS tp_count FROM `checking_audit` WHERE `audit_time` BETWEEN '2017-07-04  00:00:00' AND '2017-07-04 23:59:59' AND `audit_tong` = 4 AND `audit_decision` = 1 LIMIT 1   [ RunTime:0.0000s ]
SQL: SELECT COUNT(*) AS tp_count FROM `checking_audit` WHERE `audit_time` BETWEEN '2017-07-03  00:00:00' AND '2017-07-03 23:59:59' AND `audit_tong` = 4 AND `audit_decision` = 1 LIMIT 1   [ RunTime:0.0000s ]
SQL: SELECT COUNT(*) AS tp_count FROM `checking_audit` WHERE `audit_time` BETWEEN '2017-07-02  00:00:00' AND '2017-07-02 23:59:59' AND `audit_tong` = 4 AND `audit_decision` = 1 LIMIT 1   [ RunTime:0.0010s ]
SQL: SELECT COUNT(*) AS tp_count FROM `checking_audit` WHERE `audit_time` BETWEEN '2017-07-01  00:00:00' AND '2017-07-01 23:59:59' AND `audit_tong` = 4 AND `audit_decision` = 1 LIMIT 1   [ RunTime:0.0000s ]
SQL: SELECT COUNT(*) AS tp_count FROM `checking_audit` WHERE `audit_time` BETWEEN '2017-06-30  00:00:00' AND '2017-06-30 23:59:59' AND `audit_tong` = 4 AND `audit_decision` = 1 LIMIT 1   [ RunTime:0.0000s ]
SQL: SELECT COUNT(*) AS tp_count FROM `checking_audit` WHERE `audit_time` BETWEEN '2017-06-29  00:00:00' AND '2017-06-29 23:59:59' AND `audit_tong` = 4 AND `audit_decision` = 1 LIMIT 1   [ RunTime:0.0010s ]
SQL: SELECT COUNT(*) AS tp_count FROM `checking_audit` WHERE `audit_time` BETWEEN '2017-06-28  00:00:00' AND '2017-06-28 23:59:59' AND `audit_tong` = 4 AND `audit_decision` = 1 LIMIT 1   [ RunTime:0.0000s ]
SQL: SELECT COUNT(*) AS tp_count FROM `checking_audit` WHERE `audit_time` BETWEEN '2017-06-27  00:00:00' AND '2017-06-27 23:59:59' AND `audit_tong` = 4 AND `audit_decision` = 1 LIMIT 1   [ RunTime:0.0010s ]
SQL: SELECT COUNT(*) AS tp_count FROM `checking_audit` WHERE `audit_time` BETWEEN '2017-06-26  00:00:00' AND '2017-06-26 23:59:59' AND `audit_tong` = 4 AND `audit_decision` = 1 LIMIT 1   [ RunTime:0.0000s ]
SQL: SELECT `name` FROM `sys_route` WHERE ( t_id = 4 ) LIMIT 1   [ RunTime:0.0000s ]

[ 2017-07-25T10:10:12+08:00 ] 127.0.0.1 /lbyun/lbyun/index.php/Admin/SaleAnalyze/route.html?day=30
INFO: [ app_begin ] --START--
INFO: Run Behavior\ReadHtmlCacheBehavior [ RunTime:0.001000s ]
INFO: [ app_begin ] --END-- [ RunTime:0.001000s ]
SQL: SHOW COLUMNS FROM `sys_route` [ RunTime:0.0120s ]
SQL: SELECT MAX(t_id) AS tp_max FROM `sys_route` LIMIT 1   [ RunTime:0.0000s ]
SQL: SELECT `name` FROM `sys_route` WHERE ( t_id = 1 ) LIMIT 1   [ RunTime:0.0010s ]
SQL: SHOW COLUMNS FROM `checking_audit` [ RunTime:0.0130s ]
SQL: SELECT COUNT(*) AS tp_count FROM `checking_audit` WHERE ( audit_tong = 1 ) AND `audit_time` > '2017-06-25 10:10:12' AND `audit_decision` = 1 LIMIT 1   [ RunTime:0.0010s ]
SQL: SELECT `name` FROM `sys_route` WHERE ( t_id = 2 ) LIMIT 1   [ RunTime:0.0000s ]
SQL: SELECT COUNT(*) AS tp_count FROM `checking_audit` WHERE ( audit_tong = 2 ) AND `audit_time` > '2017-06-25 10:10:12' AND `audit_decision` = 1 LIMIT 1   [ RunTime:0.0000s ]
SQL: SELECT `name` FROM `sys_route` WHERE ( t_id = 3 ) LIMIT 1   [ RunTime:0.0000s ]
SQL: SELECT COUNT(*) AS tp_count FROM `checking_audit` WHERE ( audit_tong = 3 ) AND `audit_time` > '2017-06-25 10:10:12' AND `audit_decision` = 1 LIMIT 1   [ RunTime:0.0000s ]
SQL: SELECT `name` FROM `sys_route` WHERE ( t_id = 4 ) LIMIT 1   [ RunTime:0.0010s ]
SQL: SELECT COUNT(*) AS tp_count FROM `checking_audit` WHERE ( audit_tong = 4 ) AND `audit_time` > '2017-06-25 10:10:12' AND `audit_decision` = 1 LIMIT 1   [ RunTime:0.0000s ]

[ 2017-07-25T10:10:15+08:00 ] 127.0.0.1 /lbyun/lbyun/index.php/Admin/SaleAnalyze/route.html?day=7
INFO: [ app_begin ] --START--
INFO: Run Behavior\ReadHtmlCacheBehavior [ RunTime:0.001000s ]
INFO: [ app_begin ] --END-- [ RunTime:0.001000s ]
SQL: SHOW COLUMNS FROM `sys_route` [ RunTime:0.0120s ]
SQL: SELECT MAX(t_id) AS tp_max FROM `sys_route` LIMIT 1   [ RunTime:0.0000s ]
SQL: SELECT `name` FROM `sys_route` WHERE ( t_id = 1 ) LIMIT 1   [ RunTime:0.0000s ]
SQL: SHOW COLUMNS FROM `checking_audit` [ RunTime:0.0120s ]
SQL: SELECT COUNT(*) AS tp_count FROM `checking_audit` WHERE ( audit_tong = 1 ) AND `audit_time` > '2017-07-18 10:10:15' AND `audit_decision` = 1 LIMIT 1   [ RunTime:0.0000s ]
SQL: SELECT `name` FROM `sys_route` WHERE ( t_id = 2 ) LIMIT 1   [ RunTime:0.0010s ]
SQL: SELECT COUNT(*) AS tp_count FROM `checking_audit` WHERE ( audit_tong = 2 ) AND `audit_time` > '2017-07-18 10:10:15' AND `audit_decision` = 1 LIMIT 1   [ RunTime:0.0010s ]
SQL: SELECT `name` FROM `sys_route` WHERE ( t_id = 3 ) LIMIT 1   [ RunTime:0.0000s ]
SQL: SELECT COUNT(*) AS tp_count FROM `checking_audit` WHERE ( audit_tong = 3 ) AND `audit_time` > '2017-07-18 10:10:15' AND `audit_decision` = 1 LIMIT 1   [ RunTime:0.0000s ]
SQL: SELECT `name` FROM `sys_route` WHERE ( t_id = 4 ) LIMIT 1   [ RunTime:0.0000s ]
SQL: SELECT COUNT(*) AS tp_count FROM `checking_audit` WHERE ( audit_tong = 4 ) AND `audit_time` > '2017-07-18 10:10:15' AND `audit_decision` = 1 LIMIT 1   [ RunTime:0.0000s ]

[ 2017-07-25T10:12:14+08:00 ] 127.0.0.1 /lbyun/lbyun/index.php/Admin/SaleAnalyze/product.html?day=7
INFO: [ app_begin ] --START--
INFO: Run Behavior\ReadHtmlCacheBehavior [ RunTime:0.001000s ]
INFO: [ app_begin ] --END-- [ RunTime:0.002000s ]
NOTIC: [8] Undefined variable: data D:\phpstudy\WWW\lbyun\lbyun\Application\Admin\Controller\SaleAnalyzeController.class.php 第 188 行.

[ 2017-07-25T10:12:14+08:00 ] 127.0.0.1 /lbyun/lbyun/index.php/Admin/SaleAnalyze/columnar.html
INFO: [ app_begin ] --START--
INFO: Run Behavior\ReadHtmlCacheBehavior [ RunTime:0.001000s ]
INFO: [ app_begin ] --END-- [ RunTime:0.002000s ]
INFO: [ app_end ] --START--
INFO: Run Behavior\ShowPageTraceBehavior [ RunTime:0.001000s ]
INFO: [ app_end ] --END-- [ RunTime:0.002000s ]

[ 2017-07-25T10:12:17+08:00 ] 127.0.0.1 /lbyun/lbyun/index.php/Admin/SaleAnalyze/product.html?day=7
INFO: [ app_begin ] --START--
INFO: Run Behavior\ReadHtmlCacheBehavior [ RunTime:0.000000s ]
INFO: [ app_begin ] --END-- [ RunTime:0.001000s ]
NOTIC: [8] Undefined variable: data D:\phpstudy\WWW\lbyun\lbyun\Application\Admin\Controller\SaleAnalyzeController.class.php 第 188 行.

[ 2017-07-25T10:12:17+08:00 ] 127.0.0.1 /lbyun/lbyun/index.php/Admin/SaleAnalyze/columnar.html
INFO: [ app_begin ] --START--
INFO: Run Behavior\ReadHtmlCacheBehavior [ RunTime:0.001000s ]
INFO: [ app_begin ] --END-- [ RunTime:0.001000s ]
INFO: [ app_end ] --START--
INFO: Run Behavior\ShowPageTraceBehavior [ RunTime:0.001000s ]
INFO: [ app_end ] --END-- [ RunTime:0.001000s ]

[ 2017-07-25T10:33:58+08:00 ] 127.0.0.1 /lbyun/lbyun/index.php/Admin/SaleAnalyze/route.html?day=7
INFO: [ app_begin ] --START--
INFO: Run Behavior\ReadHtmlCacheBehavior [ RunTime:0.002000s ]
INFO: [ app_begin ] --END-- [ RunTime:0.003000s ]
SQL: SHOW COLUMNS FROM `sys_route` [ RunTime:0.0070s ]
SQL: SELECT MAX(t_id) AS tp_max FROM `sys_route` LIMIT 1   [ RunTime:0.0010s ]
SQL: SELECT `name` FROM `sys_route` WHERE ( t_id = 1 ) LIMIT 1   [ RunTime:0.0000s ]
SQL: SHOW COLUMNS FROM `checking_audit` [ RunTime:0.0070s ]
SQL: SELECT COUNT(*) AS tp_count FROM `checking_audit` WHERE ( audit_tong = 1 ) AND `audit_time` > '2017-07-18 10:33:58' AND `audit_decision` = 1 LIMIT 1   [ RunTime:0.0000s ]
SQL: SELECT `name` FROM `sys_route` WHERE ( t_id = 2 ) LIMIT 1   [ RunTime:0.0010s ]
SQL: SELECT COUNT(*) AS tp_count FROM `checking_audit` WHERE ( audit_tong = 2 ) AND `audit_time` > '2017-07-18 10:33:58' AND `audit_decision` = 1 LIMIT 1   [ RunTime:0.0000s ]
SQL: SELECT `name` FROM `sys_route` WHERE ( t_id = 3 ) LIMIT 1   [ RunTime:0.0010s ]
SQL: SELECT COUNT(*) AS tp_count FROM `checking_audit` WHERE ( audit_tong = 3 ) AND `audit_time` > '2017-07-18 10:33:58' AND `audit_decision` = 1 LIMIT 1   [ RunTime:0.0000s ]
SQL: SELECT `name` FROM `sys_route` WHERE ( t_id = 4 ) LIMIT 1   [ RunTime:0.0010s ]
SQL: SELECT COUNT(*) AS tp_count FROM `checking_audit` WHERE ( audit_tong = 4 ) AND `audit_time` > '2017-07-18 10:33:58' AND `audit_decision` = 1 LIMIT 1   [ RunTime:0.0000s ]

[ 2017-07-25T10:33:58+08:00 ] 127.0.0.1 /lbyun/lbyun/index.php/Admin/SaleAnalyze/columnarRouteList.html
INFO: [ app_begin ] --START--
INFO: Run Behavior\ReadHtmlCacheBehavior [ RunTime:0.001000s ]
INFO: [ app_begin ] --END-- [ RunTime:0.002000s ]
SQL: SHOW COLUMNS FROM `sys_route` [ RunTime:0.0090s ]
SQL: SELECT `t_id`,`name` FROM `sys_route`  [ RunTime:0.0010s ]

[ 2017-07-25T10:33:58+08:00 ] 127.0.0.1 /lbyun/lbyun/index.php/Admin/SaleAnalyze/columnar.html?day=7
INFO: [ app_begin ] --START--
INFO: Run Behavior\ReadHtmlCacheBehavior [ RunTime:0.002000s ]
INFO: [ app_begin ] --END-- [ RunTime:0.002000s ]
SQL: SHOW COLUMNS FROM `sys_route` [ RunTime:0.0110s ]
SQL: SELECT MAX(t_id) AS tp_max FROM `sys_route` LIMIT 1   [ RunTime:0.0010s ]
SQL: SHOW COLUMNS FROM `checking_audit` [ RunTime:0.0090s ]
SQL: SELECT COUNT(*) AS tp_count FROM `checking_audit` WHERE `audit_time` BETWEEN '2017-07-25  00:00:00' AND '2017-07-25 23:59:59' AND `audit_tong` = 1 AND `audit_decision` = 1 LIMIT 1   [ RunTime:0.0000s ]
SQL: SELECT COUNT(*) AS tp_count FROM `checking_audit` WHERE `audit_time` BETWEEN '2017-07-24  00:00:00' AND '2017-07-24 23:59:59' AND `audit_tong` = 1 AND `audit_decision` = 1 LIMIT 1   [ RunTime:0.0010s ]
SQL: SELECT COUNT(*) AS tp_count FROM `checking_audit` WHERE `audit_time` BETWEEN '2017-07-23  00:00:00' AND '2017-07-23 23:59:59' AND `audit_tong` = 1 AND `audit_decision` = 1 LIMIT 1   [ RunTime:0.0000s ]
SQL: SELECT COUNT(*) AS tp_count FROM `checking_audit` WHERE `audit_time` BETWEEN '2017-07-22  00:00:00' AND '2017-07-22 23:59:59' AND `audit_tong` = 1 AND `audit_decision` = 1 LIMIT 1   [ RunTime:0.0010s ]
SQL: SELECT COUNT(*) AS tp_count FROM `checking_audit` WHERE `audit_time` BETWEEN '2017-07-21  00:00:00' AND '2017-07-21 23:59:59' AND `audit_tong` = 1 AND `audit_decision` = 1 LIMIT 1   [ RunTime:0.0000s ]
SQL: SELECT COUNT(*) AS tp_count FROM `checking_audit` WHERE `audit_time` BETWEEN '2017-07-20  00:00:00' AND '2017-07-20 23:59:59' AND `audit_tong` = 1 AND `audit_decision` = 1 LIMIT 1   [ RunTime:0.0010s ]
SQL: SELECT COUNT(*) AS tp_count FROM `checking_audit` WHERE `audit_time` BETWEEN '2017-07-19  00:00:00' AND '2017-07-19 23:59:59' AND `audit_tong` = 1 AND `audit_decision` = 1 LIMIT 1   [ RunTime:0.0000s ]
SQL: SELECT `name` FROM `sys_route` WHERE ( t_id = 1 ) LIMIT 1   [ RunTime:0.0000s ]
SQL: SELECT COUNT(*) AS tp_count FROM `checking_audit` WHERE `audit_time` BETWEEN '2017-07-25  00:00:00' AND '2017-07-25 23:59:59' AND `audit_tong` = 2 AND `audit_decision` = 1 LIMIT 1   [ RunTime:0.0000s ]
SQL: SELECT COUNT(*) AS tp_count FROM `checking_audit` WHERE `audit_time` BETWEEN '2017-07-24  00:00:00' AND '2017-07-24 23:59:59' AND `audit_tong` = 2 AND `audit_decision` = 1 LIMIT 1   [ RunTime:0.0000s ]
SQL: SELECT COUNT(*) AS tp_count FROM `checking_audit` WHERE `audit_time` BETWEEN '2017-07-23  00:00:00' AND '2017-07-23 23:59:59' AND `audit_tong` = 2 AND `audit_decision` = 1 LIMIT 1   [ RunTime:0.0000s ]
SQL: SELECT COUNT(*) AS tp_count FROM `checking_audit` WHERE `audit_time` BETWEEN '2017-07-22  00:00:00' AND '2017-07-22 23:59:59' AND `audit_tong` = 2 AND `audit_decision` = 1 LIMIT 1   [ RunTime:0.0000s ]
SQL: SELECT COUNT(*) AS tp_count FROM `checking_audit` WHERE `audit_time` BETWEEN '2017-07-21  00:00:00' AND '2017-07-21 23:59:59' AND `audit_tong` = 2 AND `audit_decision` = 1 LIMIT 1   [ RunTime:0.0010s ]
SQL: SELECT COUNT(*) AS tp_count FROM `checking_audit` WHERE `audit_time` BETWEEN '2017-07-20  00:00:00' AND '2017-07-20 23:59:59' AND `audit_tong` = 2 AND `audit_decision` = 1 LIMIT 1   [ RunTime:0.0010s ]
SQL: SELECT COUNT(*) AS tp_count FROM `checking_audit` WHERE `audit_time` BETWEEN '2017-07-19  00:00:00' AND '2017-07-19 23:59:59' AND `audit_tong` = 2 AND `audit_decision` = 1 LIMIT 1   [ RunTime:0.0010s ]
SQL: SELECT `name` FROM `sys_route` WHERE ( t_id = 2 ) LIMIT 1   [ RunTime:0.0000s ]
SQL: SELECT COUNT(*) AS tp_count FROM `checking_audit` WHERE `audit_time` BETWEEN '2017-07-25  00:00:00' AND '2017-07-25 23:59:59' AND `audit_tong` = 3 AND `audit_decision` = 1 LIMIT 1   [ RunTime:0.0010s ]
SQL: SELECT COUNT(*) AS tp_count FROM `checking_audit` WHERE `audit_time` BETWEEN '2017-07-24  00:00:00' AND '2017-07-24 23:59:59' AND `audit_tong` = 3 AND `audit_decision` = 1 LIMIT 1   [ RunTime:0.0000s ]
SQL: SELECT COUNT(*) AS tp_count FROM `checking_audit` WHERE `audit_time` BETWEEN '2017-07-23  00:00:00' AND '2017-07-23 23:59:59' AND `audit_tong` = 3 AND `audit_decision` = 1 LIMIT 1   [ RunTime:0.0010s ]
SQL: SELECT COUNT(*) AS tp_count FROM `checking_audit` WHERE `audit_time` BETWEEN '2017-07-22  00:00:00' AND '2017-07-22 23:59:59' AND `audit_tong` = 3 AND `audit_decision` = 1 LIMIT 1   [ RunTime:0.0000s ]
SQL: SELECT COUNT(*) AS tp_count FROM `checking_audit` WHERE `audit_time` BETWEEN '2017-07-21  00:00:00' AND '2017-07-21 23:59:59' AND `audit_tong` = 3 AND `audit_decision` = 1 LIMIT 1   [ RunTime:0.0010s ]
SQL: SELECT COUNT(*) AS tp_count FROM `checking_audit` WHERE `audit_time` BETWEEN '2017-07-20  00:00:00' AND '2017-07-20 23:59:59' AND `audit_tong` = 3 AND `audit_decision` = 1 LIMIT 1   [ RunTime:0.0000s ]
SQL: SELECT COUNT(*) AS tp_count FROM `checking_audit` WHERE `audit_time` BETWEEN '2017-07-19  00:00:00' AND '2017-07-19 23:59:59' AND `audit_tong` = 3 AND `audit_decision` = 1 LIMIT 1   [ RunTime:0.0010s ]
SQL: SELECT `name` FROM `sys_route` WHERE ( t_id = 3 ) LIMIT 1   [ RunTime:0.0000s ]
SQL: SELECT COUNT(*) AS tp_count FROM `checking_audit` WHERE `audit_time` BETWEEN '2017-07-25  00:00:00' AND '2017-07-25 23:59:59' AND `audit_tong` = 4 AND `audit_decision` = 1 LIMIT 1   [ RunTime:0.0010s ]
SQL: SELECT COUNT(*) AS tp_count FROM `checking_audit` WHERE `audit_time` BETWEEN '2017-07-24  00:00:00' AND '2017-07-24 23:59:59' AND `audit_tong` = 4 AND `audit_decision` = 1 LIMIT 1   [ RunTime:0.0000s ]
SQL: SELECT COUNT(*) AS tp_count FROM `checking_audit` WHERE `audit_time` BETWEEN '2017-07-23  00:00:00' AND '2017-07-23 23:59:59' AND `audit_tong` = 4 AND `audit_decision` = 1 LIMIT 1   [ RunTime:0.0000s ]
SQL: SELECT COUNT(*) AS tp_count FROM `checking_audit` WHERE `audit_time` BETWEEN '2017-07-22  00:00:00' AND '2017-07-22 23:59:59' AND `audit_tong` = 4 AND `audit_decision` = 1 LIMIT 1   [ RunTime:0.0000s ]
SQL: SELECT COUNT(*) AS tp_count FROM `checking_audit` WHERE `audit_time` BETWEEN '2017-07-21  00:00:00' AND '2017-07-21 23:59:59' AND `audit_tong` = 4 AND `audit_decision` = 1 LIMIT 1   [ RunTime:0.0010s ]
SQL: SELECT COUNT(*) AS tp_count FROM `checking_audit` WHERE `audit_time` BETWEEN '2017-07-20  00:00:00' AND '2017-07-20 23:59:59' AND `audit_tong` = 4 AND `audit_decision` = 1 LIMIT 1   [ RunTime:0.0010s ]
SQL: SELECT COUNT(*) AS tp_count FROM `checking_audit` WHERE `audit_time` BETWEEN '2017-07-19  00:00:00' AND '2017-07-19 23:59:59' AND `audit_tong` = 4 AND `audit_decision` = 1 LIMIT 1   [ RunTime:0.0010s ]
SQL: SELECT `name` FROM `sys_route` WHERE ( t_id = 4 ) LIMIT 1   [ RunTime:0.0000s ]

